# JRE version: OpenJDK Runtime Environment (11.0.10) (build 11.0.10+0-b96-7249189)
# Java VM: OpenJDK 64-Bit Server VM (11.0.10+0-b96-7249189, mixed mode, tiered, compressed oops, g1 gc, windows-amd64)
Heap:
 garbage-first heap   total 832512K, used 198102K [0x0000000080000000, 0x0000000100000000)
  region size 1024K, 5 young (5120K), 5 survivors (5120K)
 Metaspace       used 102956K, capacity 105505K, committed 105804K, reserved 1140736K
  class space    used 13309K, capacity 14297K, committed 14412K, reserved 1048576K
GC Heap History (20 events):
Event: 10.565 GC heap after
{Heap after GC invocations=43 (full 0):
 garbage-first heap   total 199680K, used 113209K [0x0000000080000000, 0x0000000100000000)
  region size 1024K, 8 young (8192K), 8 survivors (8192K)
 Metaspace       used 95696K, capacity 98079K, committed 98124K, reserved 1134592K
  class space    used 12258K, capacity 13131K, committed 13132K, reserved 1048576K
}
Event: 10.698 GC heap before
{Heap before GC invocations=44 (full 0):
 garbage-first heap   total 199680K, used 158265K [0x0000000080000000, 0x0000000100000000)
  region size 1024K, 52 young (53248K), 8 survivors (8192K)
 Metaspace       used 96005K, capacity 98368K, committed 98508K, reserved 1134592K
  class space    used 12303K, capacity 13183K, committed 13260K, reserved 1048576K
}
Event: 10.709 GC heap after
{Heap after GC invocations=45 (full 0):
 garbage-first heap   total 199680K, used 122731K [0x0000000080000000, 0x0000000100000000)
  region size 1024K, 7 young (7168K), 7 survivors (7168K)
 Metaspace       used 96005K, capacity 98368K, committed 98508K, reserved 1134592K
  class space    used 12303K, capacity 13183K, committed 13260K, reserved 1048576K
}
Event: 10.763 GC heap before
{Heap before GC invocations=45 (full 0):
 garbage-first heap   total 199680K, used 161643K [0x0000000080000000, 0x0000000100000000)
  region size 1024K, 45 young (46080K), 7 survivors (7168K)
 Metaspace       used 96567K, capacity 98942K, committed 99148K, reserved 1134592K
  class space    used 12382K, capacity 13267K, committed 13388K, reserved 1048576K
}
Event: 10.777 GC heap after
{Heap after GC invocations=46 (full 0):
 garbage-first heap   total 239616K, used 131367K [0x0000000080000000, 0x0000000100000000)
  region size 1024K, 6 young (6144K), 6 survivors (6144K)
 Metaspace       used 96567K, capacity 98942K, committed 99148K, reserved 1134592K
  class space    used 12382K, capacity 13267K, committed 13388K, reserved 1048576K
}
Event: 10.928 GC heap before
{Heap before GC invocations=47 (full 0):
 garbage-first heap   total 239616K, used 179495K [0x0000000080000000, 0x0000000100000000)
  region size 1024K, 53 young (54272K), 6 survivors (6144K)
 Metaspace       used 96808K, capacity 99062K, committed 99660K, reserved 1136640K
  class space    used 12368K, capacity 13205K, committed 13388K, reserved 1048576K
}
Event: 10.948 GC heap after
{Heap after GC invocations=48 (full 0):
 garbage-first heap   total 239616K, used 142181K [0x0000000080000000, 0x0000000100000000)
  region size 1024K, 7 young (7168K), 7 survivors (7168K)
 Metaspace       used 96808K, capacity 99062K, committed 99660K, reserved 1136640K
  class space    used 12368K, capacity 13205K, committed 13388K, reserved 1048576K
}
Event: 11.000 GC heap before
{Heap before GC invocations=48 (full 0):
 garbage-first heap   total 239616K, used 187237K [0x0000000080000000, 0x0000000100000000)
  region size 1024K, 51 young (52224K), 7 survivors (7168K)
 Metaspace       used 97321K, capacity 99575K, committed 100044K, reserved 1136640K
  class space    used 12436K, capacity 13269K, committed 13516K, reserved 1048576K
}
Event: 11.014 GC heap after
{Heap after GC invocations=49 (full 0):
 garbage-first heap   total 239616K, used 151400K [0x0000000080000000, 0x0000000100000000)
  region size 1024K, 7 young (7168K), 7 survivors (7168K)
 Metaspace       used 97321K, capacity 99575K, committed 100044K, reserved 1136640K
  class space    used 12436K, capacity 13269K, committed 13516K, reserved 1048576K
}
Event: 11.110 GC heap before
{Heap before GC invocations=49 (full 0):
 garbage-first heap   total 239616K, used 192360K [0x0000000080000000, 0x0000000100000000)
  region size 1024K, 47 young (48128K), 7 survivors (7168K)
 Metaspace       used 98260K, capacity 100574K, committed 100812K, reserved 1136640K
  class space    used 12579K, capacity 13481K, committed 13516K, reserved 1048576K
}
Event: 11.121 GC heap after
{Heap after GC invocations=50 (full 0):
 garbage-first heap   total 239616K, used 159000K [0x0000000080000000, 0x0000000100000000)
  region size 1024K, 6 young (6144K), 6 survivors (6144K)
 Metaspace       used 98260K, capacity 100574K, committed 100812K, reserved 1136640K
  class space    used 12579K, capacity 13481K, committed 13516K, reserved 1048576K
}
Event: 11.190 GC heap before
{Heap before GC invocations=50 (full 0):
 garbage-first heap   total 239616K, used 196888K [0x0000000080000000, 0x0000000100000000)
  region size 1024K, 43 young (44032K), 6 survivors (6144K)
 Metaspace       used 98296K, capacity 100663K, committed 100812K, reserved 1136640K
  class space    used 12586K, capacity 13488K, committed 13516K, reserved 1048576K
}
Event: 11.206 GC heap after
{Heap after GC invocations=51 (full 0):
 garbage-first heap   total 348160K, used 166429K [0x0000000080000000, 0x0000000100000000)
  region size 1024K, 6 young (6144K), 6 survivors (6144K)
 Metaspace       used 98296K, capacity 100663K, committed 100812K, reserved 1136640K
  class space    used 12586K, capacity 13488K, committed 13516K, reserved 1048576K
}
Event: 11.413 GC heap before
{Heap before GC invocations=52 (full 0):
 garbage-first heap   total 348160K, used 235037K [0x0000000080000000, 0x0000000100000000)
  region size 1024K, 74 young (75776K), 6 survivors (6144K)
 Metaspace       used 99038K, capacity 101403K, committed 101452K, reserved 1136640K
  class space    used 12719K, capacity 13629K, committed 13644K, reserved 1048576K
}
Event: 11.466 GC heap after
{Heap after GC invocations=53 (full 0):
 garbage-first heap   total 348160K, used 178176K [0x0000000080000000, 0x0000000100000000)
  region size 1024K, 10 young (10240K), 10 survivors (10240K)
 Metaspace       used 99038K, capacity 101403K, committed 101452K, reserved 1136640K
  class space    used 12719K, capacity 13629K, committed 13644K, reserved 1048576K
}
Event: 11.669 GC heap before
{Heap before GC invocations=53 (full 0):
 garbage-first heap   total 348160K, used 247808K [0x0000000080000000, 0x0000000100000000)
  region size 1024K, 78 young (79872K), 10 survivors (10240K)
 Metaspace       used 99798K, capacity 102286K, committed 102476K, reserved 1138688K
  class space    used 12882K, capacity 13849K, committed 13900K, reserved 1048576K
}
Event: 11.723 GC heap after
{Heap after GC invocations=54 (full 0):
 garbage-first heap   total 348160K, used 192444K [0x0000000080000000, 0x0000000100000000)
  region size 1024K, 10 young (10240K), 10 survivors (10240K)
 Metaspace       used 99798K, capacity 102286K, committed 102476K, reserved 1138688K
  class space    used 12882K, capacity 13849K, committed 13900K, reserved 1048576K
}
Event: 12.339 GC heap before
{Heap before GC invocations=54 (full 0):
 garbage-first heap   total 348160K, used 259004K [0x0000000080000000, 0x0000000100000000)
  region size 1024K, 75 young (76800K), 10 survivors (10240K)
 Metaspace       used 102825K, capacity 105429K, committed 105548K, reserved 1140736K
  class space    used 13304K, capacity 14332K, committed 14412K, reserved 1048576K
}
Event: 12.362 GC heap after
{Heap after GC invocations=55 (full 0):
 garbage-first heap   total 348160K, used 198368K [0x0000000080000000, 0x0000000100000000)
  region size 1024K, 5 young (5120K), 5 survivors (5120K)
 Metaspace       used 102825K, capacity 105429K, committed 105548K, reserved 1140736K
  class space    used 13304K, capacity 14332K, committed 14412K, reserved 1048576K
}
Event: 12.712 GC heap before
{Heap before GC invocations=55 (full 0):
 garbage-first heap   total 348160K, used 265952K [0x0000000080000000, 0x0000000100000000)
  region size 1024K, 72 young (73728K), 5 survivors (5120K)
 Metaspace       used 102956K, capacity 105505K, committed 105804K, reserved 1140736K
  class space    used 13309K, capacity 14297K, committed 14412K, reserved 1048576K
}

