# JRE version: OpenJDK Runtime Environment (11.0.10) (build 11.0.10+0-b96-7249189)
# Java VM: OpenJDK 64-Bit Server VM (11.0.10+0-b96-7249189, mixed mode, tiered, compressed oops, g1 gc, windows-amd64)
Heap:
 garbage-first heap   total 779264K, used 217088K [0x0000000080000000, 0x0000000100000000)
  region size 1024K, 11 young (11264K), 11 survivors (11264K)
 Metaspace       used 148700K, capacity 152670K, committed 154328K, reserved 1183744K
  class space    used 18170K, capacity 19615K, committed 20224K, reserved 1048576K
GC Heap History (20 events):
Event: 118.135 GC heap after
{Heap after GC invocations=144 (full 0):
 garbage-first heap   total 286720K, used 158946K [0x0000000080000000, 0x0000000100000000)
  region size 1024K, 4 young (4096K), 4 survivors (4096K)
 Metaspace       used 138111K, capacity 141584K, committed 141912K, reserved 1173504K
  class space    used 16738K, capacity 17958K, committed 18048K, reserved 1048576K
}
Event: 118.211 GC heap before
{Heap before GC invocations=144 (full 0):
 garbage-first heap   total 286720K, used 168162K [0x0000000080000000, 0x0000000100000000)
  region size 1024K, 14 young (14336K), 4 survivors (4096K)
 Metaspace       used 138111K, capacity 141584K, committed 141912K, reserved 1173504K
  class space    used 16738K, capacity 17958K, committed 18048K, reserved 1048576K
}
Event: 118.216 GC heap after
{Heap after GC invocations=145 (full 0):
 garbage-first heap   total 286720K, used 146228K [0x0000000080000000, 0x0000000100000000)
  region size 1024K, 1 young (1024K), 1 survivors (1024K)
 Metaspace       used 138111K, capacity 141584K, committed 141912K, reserved 1173504K
  class space    used 16738K, capacity 17958K, committed 18048K, reserved 1048576K
}
Event: 119.088 GC heap before
{Heap before GC invocations=145 (full 0):
 garbage-first heap   total 286720K, used 229172K [0x0000000080000000, 0x0000000100000000)
  region size 1024K, 83 young (84992K), 1 survivors (1024K)
 Metaspace       used 138425K, capacity 141891K, committed 142168K, reserved 1173504K
  class space    used 16781K, capacity 18013K, committed 18048K, reserved 1048576K
}
Event: 119.094 GC heap after
{Heap after GC invocations=146 (full 0):
 garbage-first heap   total 286720K, used 148410K [0x0000000080000000, 0x0000000100000000)
  region size 1024K, 3 young (3072K), 3 survivors (3072K)
 Metaspace       used 138425K, capacity 141891K, committed 142168K, reserved 1173504K
  class space    used 16781K, capacity 18013K, committed 18048K, reserved 1048576K
}
Event: 119.902 GC heap before
{Heap before GC invocations=147 (full 0):
 garbage-first heap   total 286720K, used 232378K [0x0000000080000000, 0x0000000100000000)
  region size 1024K, 86 young (88064K), 3 survivors (3072K)
 Metaspace       used 147717K, capacity 152119K, committed 152280K, reserved 1181696K
  class space    used 18300K, capacity 19925K, committed 19968K, reserved 1048576K
}
Event: 119.909 GC heap after
{Heap after GC invocations=148 (full 0):
 garbage-first heap   total 286720K, used 153520K [0x0000000080000000, 0x0000000100000000)
  region size 1024K, 8 young (8192K), 8 survivors (8192K)
 Metaspace       used 147717K, capacity 152119K, committed 152280K, reserved 1181696K
  class space    used 18300K, capacity 19925K, committed 19968K, reserved 1048576K
}
Event: 119.945 GC heap before
{Heap before GC invocations=148 (full 0):
 garbage-first heap   total 286720K, used 159664K [0x0000000080000000, 0x0000000100000000)
  region size 1024K, 14 young (14336K), 8 survivors (8192K)
 Metaspace       used 147791K, capacity 152198K, committed 152280K, reserved 1181696K
  class space    used 18306K, capacity 19929K, committed 19968K, reserved 1048576K
}
Event: 119.953 GC heap after
{Heap after GC invocations=149 (full 0):
 garbage-first heap   total 344064K, used 150512K [0x0000000080000000, 0x0000000100000000)
  region size 1024K, 2 young (2048K), 2 survivors (2048K)
 Metaspace       used 147791K, capacity 152198K, committed 152280K, reserved 1181696K
  class space    used 18306K, capacity 19929K, committed 19968K, reserved 1048576K
}
Event: 120.384 GC heap before
{Heap before GC invocations=149 (full 0):
 garbage-first heap   total 344064K, used 272368K [0x0000000080000000, 0x0000000100000000)
  region size 1024K, 121 young (123904K), 2 survivors (2048K)
 Metaspace       used 148564K, capacity 153072K, committed 153176K, reserved 1181696K
  class space    used 18423K, capacity 20069K, committed 20096K, reserved 1048576K
}
Event: 120.393 GC heap after
{Heap after GC invocations=150 (full 0):
 garbage-first heap   total 344064K, used 153515K [0x0000000080000000, 0x0000000100000000)
  region size 1024K, 5 young (5120K), 5 survivors (5120K)
 Metaspace       used 148564K, capacity 153072K, committed 153176K, reserved 1181696K
  class space    used 18423K, capacity 20069K, committed 20096K, reserved 1048576K
}
Event: 120.686 GC heap before
{Heap before GC invocations=151 (full 0):
 garbage-first heap   total 344064K, used 257963K [0x0000000080000000, 0x0000000100000000)
  region size 1024K, 109 young (111616K), 5 survivors (5120K)
 Metaspace       used 147819K, capacity 151782K, committed 153560K, reserved 1183744K
  class space    used 18159K, capacity 19576K, committed 20224K, reserved 1048576K
}
Event: 120.692 GC heap after
{Heap after GC invocations=152 (full 0):
 garbage-first heap   total 344064K, used 160768K [0x0000000080000000, 0x0000000100000000)
  region size 1024K, 12 young (12288K), 12 survivors (12288K)
 Metaspace       used 147819K, capacity 151782K, committed 153560K, reserved 1183744K
  class space    used 18159K, capacity 19576K, committed 20224K, reserved 1048576K
}
Event: 120.903 GC heap before
{Heap before GC invocations=153 (full 0):
 garbage-first heap   total 344064K, used 279552K [0x0000000080000000, 0x0000000100000000)
  region size 1024K, 128 young (131072K), 12 survivors (12288K)
 Metaspace       used 148235K, capacity 152203K, committed 153816K, reserved 1183744K
  class space    used 18164K, capacity 19580K, committed 20224K, reserved 1048576K
}
Event: 121.111 GC heap after
{Heap after GC invocations=154 (full 0):
 garbage-first heap   total 344064K, used 178879K [0x0000000080000000, 0x0000000100000000)
  region size 1024K, 16 young (16384K), 16 survivors (16384K)
 Metaspace       used 148235K, capacity 152203K, committed 153816K, reserved 1183744K
  class space    used 18164K, capacity 19580K, committed 20224K, reserved 1048576K
}
Event: 121.223 GC heap before
{Heap before GC invocations=154 (full 0):
 garbage-first heap   total 344064K, used 274111K [0x0000000080000000, 0x0000000100000000)
  region size 1024K, 110 young (112640K), 16 survivors (16384K)
 Metaspace       used 148345K, capacity 152287K, committed 153816K, reserved 1183744K
  class space    used 18164K, capacity 19580K, committed 20224K, reserved 1048576K
}
Event: 121.287 GC heap after
{Heap after GC invocations=155 (full 0):
 garbage-first heap   total 344064K, used 190300K [0x0000000080000000, 0x0000000100000000)
  region size 1024K, 14 young (14336K), 14 survivors (14336K)
 Metaspace       used 148345K, capacity 152287K, committed 153816K, reserved 1183744K
  class space    used 18164K, capacity 19580K, committed 20224K, reserved 1048576K
}
Event: 121.455 GC heap before
{Heap before GC invocations=155 (full 0):
 garbage-first heap   total 344064K, used 275292K [0x0000000080000000, 0x0000000100000000)
  region size 1024K, 97 young (99328K), 14 survivors (14336K)
 Metaspace       used 148660K, capacity 152654K, committed 154328K, reserved 1183744K
  class space    used 18168K, capacity 19612K, committed 20224K, reserved 1048576K
}
Event: 121.487 GC heap after
{Heap after GC invocations=156 (full 0):
 garbage-first heap   total 344064K, used 204122K [0x0000000080000000, 0x0000000100000000)
  region size 1024K, 13 young (13312K), 13 survivors (13312K)
 Metaspace       used 148660K, capacity 152654K, committed 154328K, reserved 1183744K
  class space    used 18168K, capacity 19612K, committed 20224K, reserved 1048576K
}
Event: 121.682 GC heap before
{Heap before GC invocations=156 (full 0):
 garbage-first heap   total 344064K, used 278874K [0x0000000080000000, 0x0000000100000000)
  region size 1024K, 86 young (88064K), 13 survivors (13312K)
 Metaspace       used 148700K, capacity 152670K, committed 154328K, reserved 1183744K
  class space    used 18170K, capacity 19615K, committed 20224K, reserved 1048576K
}

