# JRE version: OpenJDK Runtime Environment (11.0.10) (build 11.0.10+0-b96-7249189)
# Java VM: OpenJDK 64-Bit Server VM (11.0.10+0-b96-7249189, mixed mode, tiered, compressed oops, g1 gc, windows-amd64)
Heap:
 garbage-first heap   total 807936K, used 195276K [0x0000000080000000, 0x0000000100000000)
  region size 1024K, 13 young (13312K), 13 survivors (13312K)
 Metaspace       used 100807K, capacity 103522K, committed 103628K, reserved 1138688K
  class space    used 13176K, capacity 14211K, committed 14284K, reserved 1048576K
GC Heap History (20 events):
Event: 11.967 GC heap after
{Heap after GC invocations=52 (full 0):
 garbage-first heap   total 174080K, used 84937K [0x0000000080000000, 0x0000000100000000)
  region size 1024K, 6 young (6144K), 6 survivors (6144K)
 Metaspace       used 90335K, capacity 92551K, committed 92876K, reserved 1130496K
  class space    used 11578K, capacity 12401K, committed 12492K, reserved 1048576K
}
Event: 12.208 GC heap before
{Heap before GC invocations=52 (full 0):
 garbage-first heap   total 174080K, used 137161K [0x0000000080000000, 0x0000000100000000)
  region size 1024K, 58 young (59392K), 6 survivors (6144K)
 Metaspace       used 91185K, capacity 93423K, committed 93772K, reserved 1130496K
  class space    used 11674K, capacity 12494K, committed 12620K, reserved 1048576K
}
Event: 12.218 GC heap after
{Heap after GC invocations=53 (full 0):
 garbage-first heap   total 208896K, used 88518K [0x0000000080000000, 0x0000000100000000)
  region size 1024K, 6 young (6144K), 6 survivors (6144K)
 Metaspace       used 91185K, capacity 93423K, committed 93772K, reserved 1130496K
  class space    used 11674K, capacity 12494K, committed 12620K, reserved 1048576K
}
Event: 12.782 GC heap before
{Heap before GC invocations=54 (full 0):
 garbage-first heap   total 208896K, used 154054K [0x0000000080000000, 0x0000000100000000)
  region size 1024K, 69 young (70656K), 6 survivors (6144K)
 Metaspace       used 91659K, capacity 93826K, committed 94284K, reserved 1130496K
  class space    used 11714K, capacity 12496K, committed 12620K, reserved 1048576K
}
Event: 12.950 GC heap after
{Heap after GC invocations=55 (full 0):
 garbage-first heap   total 208896K, used 106775K [0x0000000080000000, 0x0000000100000000)
  region size 1024K, 9 young (9216K), 9 survivors (9216K)
 Metaspace       used 91659K, capacity 93826K, committed 94284K, reserved 1130496K
  class space    used 11714K, capacity 12496K, committed 12620K, reserved 1048576K
}
Event: 13.365 GC heap before
{Heap before GC invocations=55 (full 0):
 garbage-first heap   total 208896K, used 160023K [0x0000000080000000, 0x0000000100000000)
  region size 1024K, 62 young (63488K), 9 survivors (9216K)
 Metaspace       used 94510K, capacity 96810K, committed 97100K, reserved 1132544K
  class space    used 12139K, capacity 13020K, committed 13132K, reserved 1048576K
}
Event: 13.526 GC heap after
{Heap after GC invocations=56 (full 0):
 garbage-first heap   total 208896K, used 115712K [0x0000000080000000, 0x0000000100000000)
  region size 1024K, 8 young (8192K), 8 survivors (8192K)
 Metaspace       used 94510K, capacity 96810K, committed 97100K, reserved 1132544K
  class space    used 12139K, capacity 13020K, committed 13132K, reserved 1048576K
}
Event: 14.749 GC heap before
{Heap before GC invocations=57 (full 0):
 garbage-first heap   total 208896K, used 164864K [0x0000000080000000, 0x0000000100000000)
  region size 1024K, 56 young (57344K), 8 survivors (8192K)
 Metaspace       used 94796K, capacity 97110K, committed 97356K, reserved 1134592K
  class space    used 12163K, capacity 13054K, committed 13132K, reserved 1048576K
}
Event: 14.963 GC heap after
{Heap after GC invocations=58 (full 0):
 garbage-first heap   total 208896K, used 124808K [0x0000000080000000, 0x0000000100000000)
  region size 1024K, 7 young (7168K), 7 survivors (7168K)
 Metaspace       used 94796K, capacity 97110K, committed 97356K, reserved 1134592K
  class space    used 12163K, capacity 13054K, committed 13132K, reserved 1048576K
}
Event: 15.205 GC heap before
{Heap before GC invocations=58 (full 0):
 garbage-first heap   total 208896K, used 165768K [0x0000000080000000, 0x0000000100000000)
  region size 1024K, 48 young (49152K), 7 survivors (7168K)
 Metaspace       used 94942K, capacity 97279K, committed 97356K, reserved 1134592K
  class space    used 12183K, capacity 13086K, committed 13132K, reserved 1048576K
}
Event: 15.338 GC heap after
{Heap after GC invocations=59 (full 0):
 garbage-first heap   total 606208K, used 134144K [0x0000000080000000, 0x0000000100000000)
  region size 1024K, 6 young (6144K), 6 survivors (6144K)
 Metaspace       used 94942K, capacity 97279K, committed 97356K, reserved 1134592K
  class space    used 12183K, capacity 13086K, committed 13132K, reserved 1048576K
}
Event: 16.399 GC heap before
{Heap before GC invocations=59 (full 0):
 garbage-first heap   total 606208K, used 187392K [0x0000000080000000, 0x0000000100000000)
  region size 1024K, 58 young (59392K), 6 survivors (6144K)
 Metaspace       used 96382K, capacity 98859K, committed 99148K, reserved 1134592K
  class space    used 12397K, capacity 13313K, committed 13388K, reserved 1048576K
}
Event: 16.417 GC heap after
{Heap after GC invocations=60 (full 0):
 garbage-first heap   total 606208K, used 145027K [0x0000000080000000, 0x0000000100000000)
  region size 1024K, 8 young (8192K), 8 survivors (8192K)
 Metaspace       used 96382K, capacity 98859K, committed 99148K, reserved 1134592K
  class space    used 12397K, capacity 13313K, committed 13388K, reserved 1048576K
}
Event: 16.630 GC heap before
{Heap before GC invocations=61 (full 0):
 garbage-first heap   total 606208K, used 198275K [0x0000000080000000, 0x0000000100000000)
  region size 1024K, 60 young (61440K), 8 survivors (8192K)
 Metaspace       used 97142K, capacity 99525K, committed 100044K, reserved 1136640K
  class space    used 12457K, capacity 13366K, committed 13516K, reserved 1048576K
}
Event: 16.671 GC heap after
{Heap after GC invocations=62 (full 0):
 garbage-first heap   total 606208K, used 155169K [0x0000000080000000, 0x0000000100000000)
  region size 1024K, 8 young (8192K), 8 survivors (8192K)
 Metaspace       used 97142K, capacity 99525K, committed 100044K, reserved 1136640K
  class space    used 12457K, capacity 13366K, committed 13516K, reserved 1048576K
}
Event: 16.712 GC heap before
{Heap before GC invocations=62 (full 0):
 garbage-first heap   total 606208K, used 218657K [0x0000000080000000, 0x0000000100000000)
  region size 1024K, 70 young (71680K), 8 survivors (8192K)
 Metaspace       used 97238K, capacity 99626K, committed 100044K, reserved 1136640K
  class space    used 12473K, capacity 13376K, committed 13516K, reserved 1048576K
}
Event: 16.744 GC heap after
{Heap after GC invocations=63 (full 0):
 garbage-first heap   total 606208K, used 166912K [0x0000000080000000, 0x0000000100000000)
  region size 1024K, 9 young (9216K), 9 survivors (9216K)
 Metaspace       used 97238K, capacity 99626K, committed 100044K, reserved 1136640K
  class space    used 12473K, capacity 13376K, committed 13516K, reserved 1048576K
}
Event: 16.801 GC heap before
{Heap before GC invocations=63 (full 0):
 garbage-first heap   total 606208K, used 241664K [0x0000000080000000, 0x0000000100000000)
  region size 1024K, 82 young (83968K), 9 survivors (9216K)
 Metaspace       used 97819K, capacity 100251K, committed 100684K, reserved 1136640K
  class space    used 12599K, capacity 13521K, committed 13644K, reserved 1048576K
}
Event: 16.826 GC heap after
{Heap after GC invocations=64 (full 0):
 garbage-first heap   total 606208K, used 180555K [0x0000000080000000, 0x0000000100000000)
  region size 1024K, 11 young (11264K), 11 survivors (11264K)
 Metaspace       used 97819K, capacity 100251K, committed 100684K, reserved 1136640K
  class space    used 12599K, capacity 13521K, committed 13644K, reserved 1048576K
}
Event: 17.169 GC heap before
{Heap before GC invocations=64 (full 0):
 garbage-first heap   total 606208K, used 271691K [0x0000000080000000, 0x0000000100000000)
  region size 1024K, 101 young (103424K), 11 survivors (11264K)
 Metaspace       used 100807K, capacity 103522K, committed 103628K, reserved 1138688K
  class space    used 13176K, capacity 14211K, committed 14284K, reserved 1048576K
}

